# JRE version: OpenJDK Runtime Environment (11.0.10) (build 11.0.10+0-b96-7249189)
# Java VM: OpenJDK 64-Bit Server VM (11.0.10+0-b96-7249189, mixed mode, tiered, compressed oops, g1 gc, windows-amd64)
Heap:
 garbage-first heap   total 218112K, used 124824K [0x0000000080000000, 0x0000000100000000)
  region size 1024K, 36 young (36864K), 10 survivors (10240K)
 Metaspace       used 128941K, capacity 133440K, committed 133580K, reserved 1165312K
  class space    used 15662K, capacity 17297K, committed 17356K, reserved 1048576K
GC Heap History (20 events):
Event: 4147.547 GC heap before
{Heap before GC invocations=171 (full 0):
 garbage-first heap   total 218112K, used 140249K [0x0000000080000000, 0x0000000100000000)
  region size 1024K, 54 young (55296K), 1 survivors (1024K)
 Metaspace       used 128511K, capacity 132928K, committed 133068K, reserved 1165312K
  class space    used 15616K, capacity 17236K, committed 17356K, reserved 1048576K
}
Event: 4147.560 GC heap after
{Heap after GC invocations=172 (full 0):
 garbage-first heap   total 218112K, used 90758K [0x0000000080000000, 0x0000000100000000)
  region size 1024K, 4 young (4096K), 4 survivors (4096K)
 Metaspace       used 128511K, capacity 132928K, committed 133068K, reserved 1165312K
  class space    used 15616K, capacity 17236K, committed 17356K, reserved 1048576K
}
Event: 4276.224 GC heap before
{Heap before GC invocations=173 (full 0):
 garbage-first heap   total 218112K, used 191110K [0x0000000080000000, 0x0000000100000000)
  region size 1024K, 77 young (78848K), 4 survivors (4096K)
 Metaspace       used 128606K, capacity 133161K, committed 133324K, reserved 1165312K
  class space    used 15619K, capacity 17270K, committed 17356K, reserved 1048576K
}
Event: 4276.236 GC heap after
{Heap after GC invocations=174 (full 0):
 garbage-first heap   total 218112K, used 92274K [0x0000000080000000, 0x0000000100000000)
  region size 1024K, 6 young (6144K), 6 survivors (6144K)
 Metaspace       used 128606K, capacity 133161K, committed 133324K, reserved 1165312K
  class space    used 15619K, capacity 17270K, committed 17356K, reserved 1048576K
}
Event: 4276.284 GC heap before
{Heap before GC invocations=174 (full 0):
 garbage-first heap   total 218112K, used 95346K [0x0000000080000000, 0x0000000100000000)
  region size 1024K, 10 young (10240K), 6 survivors (6144K)
 Metaspace       used 128632K, capacity 133161K, committed 133324K, reserved 1165312K
  class space    used 15619K, capacity 17270K, committed 17356K, reserved 1048576K
}
Event: 4276.301 GC heap after
{Heap after GC invocations=175 (full 0):
 garbage-first heap   total 218112K, used 88613K [0x0000000080000000, 0x0000000100000000)
  region size 1024K, 1 young (1024K), 1 survivors (1024K)
 Metaspace       used 128632K, capacity 133161K, committed 133324K, reserved 1165312K
  class space    used 15619K, capacity 17270K, committed 17356K, reserved 1048576K
}
Event: 4277.306 GC heap before
{Heap before GC invocations=175 (full 0):
 garbage-first heap   total 218112K, used 165413K [0x0000000080000000, 0x0000000100000000)
  region size 1024K, 77 young (78848K), 1 survivors (1024K)
 Metaspace       used 128686K, capacity 133167K, committed 133324K, reserved 1165312K
  class space    used 15623K, capacity 17271K, committed 17356K, reserved 1048576K
}
Event: 4277.317 GC heap after
{Heap after GC invocations=176 (full 0):
 garbage-first heap   total 218112K, used 88734K [0x0000000080000000, 0x0000000100000000)
  region size 1024K, 1 young (1024K), 1 survivors (1024K)
 Metaspace       used 128686K, capacity 133167K, committed 133324K, reserved 1165312K
  class space    used 15623K, capacity 17271K, committed 17356K, reserved 1048576K
}
Event: 4277.993 GC heap before
{Heap before GC invocations=177 (full 0):
 garbage-first heap   total 218112K, used 172702K [0x0000000080000000, 0x0000000100000000)
  region size 1024K, 81 young (82944K), 1 survivors (1024K)
 Metaspace       used 128708K, capacity 133179K, committed 133324K, reserved 1165312K
  class space    used 15628K, capacity 17275K, committed 17356K, reserved 1048576K
}
Event: 4277.999 GC heap after
{Heap after GC invocations=178 (full 0):
 garbage-first heap   total 218112K, used 91489K [0x0000000080000000, 0x0000000100000000)
  region size 1024K, 2 young (2048K), 2 survivors (2048K)
 Metaspace       used 128708K, capacity 133179K, committed 133324K, reserved 1165312K
  class space    used 15628K, capacity 17275K, committed 17356K, reserved 1048576K
}
Event: 4278.027 GC heap before
{Heap before GC invocations=178 (full 0):
 garbage-first heap   total 218112K, used 98657K [0x0000000080000000, 0x0000000100000000)
  region size 1024K, 10 young (10240K), 2 survivors (2048K)
 Metaspace       used 128708K, capacity 133179K, committed 133324K, reserved 1165312K
  class space    used 15628K, capacity 17275K, committed 17356K, reserved 1048576K
}
Event: 4278.037 GC heap after
{Heap after GC invocations=179 (full 0):
 garbage-first heap   total 218112K, used 83817K [0x0000000080000000, 0x0000000100000000)
  region size 1024K, 1 young (1024K), 1 survivors (1024K)
 Metaspace       used 128708K, capacity 133179K, committed 133324K, reserved 1165312K
  class space    used 15628K, capacity 17275K, committed 17356K, reserved 1048576K
}
Event: 4278.261 GC heap before
{Heap before GC invocations=179 (full 0):
 garbage-first heap   total 218112K, used 167785K [0x0000000080000000, 0x0000000100000000)
  region size 1024K, 83 young (84992K), 1 survivors (1024K)
 Metaspace       used 128708K, capacity 133179K, committed 133324K, reserved 1165312K
  class space    used 15628K, capacity 17275K, committed 17356K, reserved 1048576K
}
Event: 4278.267 GC heap after
{Heap after GC invocations=180 (full 0):
 garbage-first heap   total 218112K, used 85169K [0x0000000080000000, 0x0000000100000000)
  region size 1024K, 3 young (3072K), 3 survivors (3072K)
 Metaspace       used 128708K, capacity 133179K, committed 133324K, reserved 1165312K
  class space    used 15628K, capacity 17275K, committed 17356K, reserved 1048576K
}
Event: 4279.406 GC heap before
{Heap before GC invocations=181 (full 0):
 garbage-first heap   total 218112K, used 170161K [0x0000000080000000, 0x0000000100000000)
  region size 1024K, 86 young (88064K), 3 survivors (3072K)
 Metaspace       used 128718K, capacity 133182K, committed 133324K, reserved 1165312K
  class space    used 15629K, capacity 17276K, committed 17356K, reserved 1048576K
}
Event: 4279.410 GC heap after
{Heap after GC invocations=182 (full 0):
 garbage-first heap   total 218112K, used 81373K [0x0000000080000000, 0x0000000100000000)
  region size 1024K, 1 young (1024K), 1 survivors (1024K)
 Metaspace       used 128718K, capacity 133182K, committed 133324K, reserved 1165312K
  class space    used 15629K, capacity 17276K, committed 17356K, reserved 1048576K
}
Event: 4279.485 GC heap before
{Heap before GC invocations=182 (full 0):
 garbage-first heap   total 218112K, used 90589K [0x0000000080000000, 0x0000000100000000)
  region size 1024K, 10 young (10240K), 1 survivors (1024K)
 Metaspace       used 128764K, capacity 133263K, committed 133580K, reserved 1165312K
  class space    used 15639K, capacity 17282K, committed 17356K, reserved 1048576K
}
Event: 4279.490 GC heap after
{Heap after GC invocations=183 (full 0):
 garbage-first heap   total 218112K, used 80815K [0x0000000080000000, 0x0000000100000000)
  region size 1024K, 1 young (1024K), 1 survivors (1024K)
 Metaspace       used 128764K, capacity 133263K, committed 133580K, reserved 1165312K
  class space    used 15639K, capacity 17282K, committed 17356K, reserved 1048576K
}
Event: 4279.511 GC heap before
{Heap before GC invocations=183 (full 0):
 garbage-first heap   total 218112K, used 80815K [0x0000000080000000, 0x0000000100000000)
  region size 1024K, 2 young (2048K), 1 survivors (1024K)
 Metaspace       used 128801K, capacity 133290K, committed 133580K, reserved 1165312K
  class space    used 15648K, capacity 17291K, committed 17356K, reserved 1048576K
}
Event: 4279.515 GC heap after
{Heap after GC invocations=184 (full 0):
 garbage-first heap   total 218112K, used 80842K [0x0000000080000000, 0x0000000100000000)
  region size 1024K, 1 young (1024K), 1 survivors (1024K)
 Metaspace       used 128801K, capacity 133290K, committed 133580K, reserved 1165312K
  class space    used 15648K, capacity 17291K, committed 17356K, reserved 1048576K
}

